<?xml version="1.0" encoding="UTF-8"?>
<!-- Generated by org.testng.reporters.JUnitReportReporter -->
<testsuite hostname="BLR1-LP34YG622" name="com.sv.test.SVHomePageTest" tests="1" failures="0" timestamp="29 Apr 2018 08:39:55 GMT" time="119.365" errors="0">
  <testcase name="ClickOnCustomerServiceModule" time="119.365" classname="com.sv.test.SVHomePageTest"/>
</testsuite> <!-- com.sv.test.SVHomePageTest -->
