<?xml version="1.0" encoding="UTF-8"?>
<!-- Generated by org.testng.reporters.JUnitReportReporter -->
<testsuite hostname="BLR1-LP34YG622" name="com.sv.test.SVLoginToSVTest" tests="1" failures="0" timestamp="1 May 2018 13:57:53 GMT" time="40.743" errors="0">
  <testcase name="LoginToSVApplication" time="40.743" classname="com.sv.test.SVLoginToSVTest"/>
</testsuite> <!-- com.sv.test.SVLoginToSVTest -->
