<?xml version="1.0" encoding="UTF-8"?>
<!-- Generated by org.testng.reporters.JUnitReportReporter -->
<testsuite hostname="BLR1-LP34YG622" name="com.sv.test.SVSignOnTest" tests="1" failures="0" timestamp="1 May 2018 17:17:25 GMT" time="31.469" errors="0">
  <testcase name="ClickOnSignOnButton" time="31.469" classname="com.sv.test.SVSignOnTest"/>
</testsuite> <!-- com.sv.test.SVSignOnTest -->
