<?xml version="1.0" encoding="UTF-8"?>
<!-- Generated by org.testng.reporters.JUnitReportReporter -->
<testsuite hostname="BLR1-LP34YG622" name="com.sv.test.SVClickHereToBeginTest" tests="1" failures="0" timestamp="1 May 2018 13:57:53 GMT" time="19.327" errors="0">
  <testcase name="Test" time="19.327" classname="com.sv.test.SVClickHereToBeginTest"/>
</testsuite> <!-- com.sv.test.SVClickHereToBeginTest -->
