<?xml version="1.0" encoding="UTF-8"?>
<!-- Generated by org.testng.reporters.JUnitReportReporter -->
<testsuite hostname="BLR1-LP34YG622" name="com.sv.test.SVAuthorizationsTest" tests="2" failures="0" timestamp="1 May 2018 10:42:35 GMT" time="80.055" errors="0">
  <testcase name="CaptureTransactionDetails" time="42.784" classname="com.sv.test.SVAuthorizationsTest"/>
  <testcase name="CaptureTransactionDetails" time="37.271" classname="com.sv.test.SVAuthorizationsTest"/>
</testsuite> <!-- com.sv.test.SVAuthorizationsTest -->
